
Showing logs for build [32mcb-kubecd-bdd-spring-1585693856-nj2vw-1[0m stage [32mfrom-build-pack[0m and container [32mstep-credential-initializer-trzsq[0m
{"level":"warn","ts":1585694638.8797834,"logger":"fallback-logger","caller":"logging/config.go:69","msg":"Fetch GitHub commit ID from kodata failed: \"ref: refs/heads/0.8.0-**-support-backwards-incompats\" is not a valid GitHub commit ID"}
{"level":"info","ts":1585694638.8803487,"logger":"fallback-logger","caller":"creds-init/main.go:40","msg":"Credentials initialized."}

Showing logs for build [32mcb-kubecd-bdd-spring-1585693856-nj2vw-1[0m stage [32mfrom-build-pack[0m and container [32mstep-working-dir-initializer-krm68[0m
{"level":"warn","ts":1585694640.3202004,"logger":"fallback-logger","caller":"logging/config.go:69","msg":"Fetch GitHub commit ID from kodata failed: open /var/run/ko/HEAD: no such file or directory"}
{"level":"info","ts":1585694640.3221474,"logger":"fallback-logger","caller":"bash/main.go:64","msg":"Successfully executed command \"sh -c mkdir -p /workspace/source\"; output "}

Showing logs for build [32mcb-kubecd-bdd-spring-1585693856-nj2vw-1[0m stage [32mfrom-build-pack[0m and container [32mstep-place-tools[0m

Showing logs for build [32mcb-kubecd-bdd-spring-1585693856-nj2vw-1[0m stage [32mfrom-build-pack[0m and container [32mstep-git-source-cb-kubecd-bdd-spring-1585693856-nj2vw-xplp8[0m
{"level":"warn","ts":1585694649.3720655,"logger":"fallback-logger","caller":"logging/config.go:69","msg":"Fetch GitHub commit ID from kodata failed: \"ref: refs/heads/0.8.0-**-support-backwards-incompats\" is not a valid GitHub commit ID"}
{"level":"info","ts":1585694650.5873513,"logger":"fallback-logger","caller":"git/git.go:103","msg":"Successfully cloned https://github.com/cb-kubecd/bdd-spring-1585693856.git @ master in path /workspace/source"}

Showing logs for build [32mcb-kubecd-bdd-spring-1585693856-nj2vw-1[0m stage [32mfrom-build-pack[0m and container [32mstep-git-merge[0m
Using SHAs from PULL_REFS=master:e83c8612cf990c13d81118a60b4a8e685170f984,1:e8468a02833513a0dad375fd73fb8bfa257e8ba8
DEBUG: JX_LOG_LEVEL=error LC_ALL=C git fetch origin --unshallow e8468a02833513a0dad375fd73fb8bfa257e8ba8: e83c8612cf990c13d81118a60b4a8e685170f984:
DEBUG: ran git fetch --unshallow origin e8468a02833513a0dad375fd73fb8bfa257e8ba8: e83c8612cf990c13d81118a60b4a8e685170f984: in 
DEBUG: LC_ALL=C JX_LOG_LEVEL=error git branch
DEBUG: LC_ALL=C JX_LOG_LEVEL=error git checkout master
DEBUG: ran git checkout master in 
DEBUG: LC_ALL=C JX_LOG_LEVEL=error git reset --hard e83c8612cf990c13d81118a60b4a8e685170f984
DEBUG: ran git reset --hard e83c8612cf990c13d81118a60b4a8e685170f984 in 
DEBUG: LC_ALL=C JX_LOG_LEVEL=error git clean -fd .
DEBUG: ran clean --force -d . in 
DEBUG: LC_ALL=C JX_LOG_LEVEL=error git merge e8468a02833513a0dad375fd73fb8bfa257e8ba8
DEBUG: ran git merge e8468a02833513a0dad375fd73fb8bfa257e8ba8 in 
DEBUG: LC_ALL=C JX_LOG_LEVEL=error git log --format=%H%x1f%an%x1f%ae%x1f%cn%x1f%ce%x1f%s%n%b%x1e e83c8612cf990c13d81118a60b4a8e685170f984..HEAD
Merged SHA e8468a02833513a0dad375fd73fb8bfa257e8ba8 with commit message 'My first PR commit' into base branch master

Showing logs for build [32mcb-kubecd-bdd-spring-1585693856-nj2vw-1[0m stage [32mfrom-build-pack[0m and container [32mstep-build-set-version[0m
Picked up _JAVA_OPTIONS: -XX:+UnlockExperimentalVMOptions -XX:+UseCGroupMemoryLimitForHeap -Dsun.zip.disableMemoryMapping=true -XX:+UseParallelGC -XX:MinHeapFreeRatio=5 -XX:MaxHeapFreeRatio=10 -XX:GCTimeRatio=4 -XX:AdaptiveSizePolicyWeight=90 -Xms10m -Xmx192m
OpenJDK 64-Bit Server VM warning: If the number of processors is expected to increase from one, then you should configure the number of parallel GC threads appropriately using -XX:ParallelGCThreads=N
[INFO] Scanning for projects...
[INFO] 
[INFO] -----------------< com.example:bdd-spring-1585693856 >------------------
[INFO] Building demo 0.0.1-SNAPSHOT
[INFO] --------------------------------[ jar ]---------------------------------
[INFO] 
[INFO] --- versions-maven-plugin:2.7:set (default-cli) @ bdd-spring-1585693856 ---
[INFO] Searching for local aggregator root...
[INFO] Local aggregation root: /workspace/source
[INFO] Processing change of com.example:bdd-spring-1585693856:0.0.1-SNAPSHOT -> 0.0.0-SNAPSHOT-PR-1-1
[INFO] Processing com.example:bdd-spring-1585693856
[INFO]     Updating project com.example:bdd-spring-1585693856
[INFO]         from version 0.0.1-SNAPSHOT to 0.0.0-SNAPSHOT-PR-1-1
[INFO] 
[INFO] ------------------------------------------------------------------------
[INFO] BUILD SUCCESS
[INFO] ------------------------------------------------------------------------
[INFO] Total time:  16.669 s
[INFO] Finished at: 2020-03-31T22:44:33Z
[INFO] ------------------------------------------------------------------------

Showing logs for build [32mcb-kubecd-bdd-spring-1585693856-nj2vw-1[0m stage [32mfrom-build-pack[0m and container [32mstep-build-mvn-install[0m
Picked up _JAVA_OPTIONS: -XX:+UnlockExperimentalVMOptions -XX:+UseCGroupMemoryLimitForHeap -Dsun.zip.disableMemoryMapping=true -XX:+UseParallelGC -XX:MinHeapFreeRatio=5 -XX:MaxHeapFreeRatio=10 -XX:GCTimeRatio=4 -XX:AdaptiveSizePolicyWeight=90 -Xms10m -Xmx192m
OpenJDK 64-Bit Server VM warning: If the number of processors is expected to increase from one, then you should configure the number of parallel GC threads appropriately using -XX:ParallelGCThreads=N
[INFO] Scanning for projects...
[INFO] 
[INFO] -----------------< com.example:bdd-spring-1585693856 >------------------
[INFO] Building demo 0.0.0-SNAPSHOT-PR-1-1
[INFO] --------------------------------[ jar ]---------------------------------
[INFO] 
[INFO] --- maven-resources-plugin:3.1.0:resources (default-resources) @ bdd-spring-1585693856 ---
[INFO] Using 'UTF-8' encoding to copy filtered resources.
[INFO] Copying 1 resource
[INFO] Copying 0 resource
[INFO] 
[INFO] --- maven-compiler-plugin:3.8.1:compile (default-compile) @ bdd-spring-1585693856 ---
[INFO] Changes detected - recompiling the module!
[INFO] Compiling 1 source file to /workspace/source/target/classes
[INFO] 
[INFO] --- maven-resources-plugin:3.1.0:testResources (default-testResources) @ bdd-spring-1585693856 ---
[INFO] Using 'UTF-8' encoding to copy filtered resources.
[INFO] skip non existing resourceDirectory /workspace/source/src/test/resources
[INFO] 
[INFO] --- maven-compiler-plugin:3.8.1:testCompile (default-testCompile) @ bdd-spring-1585693856 ---
[INFO] Changes detected - recompiling the module!
[INFO] Compiling 1 source file to /workspace/source/target/test-classes
[INFO] 
[INFO] --- maven-surefire-plugin:3.0.0-M1:test (default-test) @ bdd-spring-1585693856 ---
[INFO] 
[INFO] -------------------------------------------------------
[INFO]  T E S T S
[INFO] -------------------------------------------------------
[INFO] Running com.example.bddspring1585693856.DemoApplicationTests
22:44:55.292 [main] DEBUG org.springframework.test.context.BootstrapUtils - Instantiating CacheAwareContextLoaderDelegate from class [org.springframework.test.context.cache.DefaultCacheAwareContextLoaderDelegate]
22:44:55.331 [main] DEBUG org.springframework.test.context.BootstrapUtils - Instantiating BootstrapContext using constructor [public org.springframework.test.context.support.DefaultBootstrapContext(java.lang.Class,org.springframework.test.context.CacheAwareContextLoaderDelegate)]
22:44:55.492 [main] DEBUG org.springframework.test.context.BootstrapUtils - Instantiating TestContextBootstrapper for test class [com.example.bddspring1585693856.DemoApplicationTests] from class [org.springframework.boot.test.context.SpringBootTestContextBootstrapper]
22:44:55.525 [main] INFO org.springframework.boot.test.context.SpringBootTestContextBootstrapper - Neither @ContextConfiguration nor @ContextHierarchy found for test class [com.example.bddspring1585693856.DemoApplicationTests], using SpringBootContextLoader
22:44:55.533 [main] DEBUG org.springframework.test.context.support.AbstractContextLoader - Did not detect default resource location for test class [com.example.bddspring1585693856.DemoApplicationTests]: class path resource [com/example/bddspring1585693856/DemoApplicationTests-context.xml] does not exist
22:44:55.534 [main] DEBUG org.springframework.test.context.support.AbstractContextLoader - Did not detect default resource location for test class [com.example.bddspring1585693856.DemoApplicationTests]: class path resource [com/example/bddspring1585693856/DemoApplicationTestsContext.groovy] does not exist
22:44:55.534 [main] INFO org.springframework.test.context.support.AbstractContextLoader - Could not detect default resource locations for test class [com.example.bddspring1585693856.DemoApplicationTests]: no resource found for suffixes {-context.xml, Context.groovy}.
22:44:55.540 [main] INFO org.springframework.test.context.support.AnnotationConfigContextLoaderUtils - Could not detect default configuration classes for test class [com.example.bddspring1585693856.DemoApplicationTests]: DemoApplicationTests does not declare any static, non-private, non-final, nested classes annotated with @Configuration.
22:44:55.701 [main] DEBUG org.springframework.test.context.support.ActiveProfilesUtils - Could not find an 'annotation declaring class' for annotation type [org.springframework.test.context.ActiveProfiles] and class [com.example.bddspring1585693856.DemoApplicationTests]
22:44:55.888 [main] DEBUG org.springframework.context.annotation.ClassPathScanningCandidateComponentProvider - Identified candidate component class: file [/workspace/source/target/classes/com/example/bddspring1585693856/DemoApplication.class]
22:44:55.900 [main] INFO org.springframework.boot.test.context.SpringBootTestContextBootstrapper - Found @SpringBootConfiguration com.example.bddspring1585693856.DemoApplication for test class com.example.bddspring1585693856.DemoApplicationTests
22:44:56.089 [main] DEBUG org.springframework.boot.test.context.SpringBootTestContextBootstrapper - @TestExecutionListeners is not present for class [com.example.bddspring1585693856.DemoApplicationTests]: using defaults.
22:44:56.091 [main] INFO org.springframework.boot.test.context.SpringBootTestContextBootstrapper - Loaded default TestExecutionListener class names from location [META-INF/spring.factories]: [org.springframework.boot.test.mock.mockito.MockitoTestExecutionListener, org.springframework.boot.test.mock.mockito.ResetMocksTestExecutionListener, org.springframework.boot.test.autoconfigure.restdocs.RestDocsTestExecutionListener, org.springframework.boot.test.autoconfigure.web.client.MockRestServiceServerResetTestExecutionListener, org.springframework.boot.test.autoconfigure.web.servlet.MockMvcPrintOnlyOnFailureTestExecutionListener, org.springframework.boot.test.autoconfigure.web.servlet.WebDriverTestExecutionListener, org.springframework.test.context.web.ServletTestExecutionListener, org.springframework.test.context.support.DirtiesContextBeforeModesTestExecutionListener, org.springframework.test.context.support.DependencyInjectionTestExecutionListener, org.springframework.test.context.support.DirtiesContextTestExecutionListener, org.springframework.test.context.transaction.TransactionalTestExecutionListener, org.springframework.test.context.jdbc.SqlScriptsTestExecutionListener, org.springframework.test.context.event.EventPublishingTestExecutionListener]
22:44:56.118 [main] DEBUG org.springframework.boot.test.context.SpringBootTestContextBootstrapper - Skipping candidate TestExecutionListener [org.springframework.test.context.transaction.TransactionalTestExecutionListener] due to a missing dependency. Specify custom listener classes or make the default listener classes and their required dependencies available. Offending class: [org/springframework/transaction/TransactionDefinition]
22:44:56.119 [main] DEBUG org.springframework.boot.test.context.SpringBootTestContextBootstrapper - Skipping candidate TestExecutionListener [org.springframework.test.context.jdbc.SqlScriptsTestExecutionListener] due to a missing dependency. Specify custom listener classes or make the default listener classes and their required dependencies available. Offending class: [org/springframework/transaction/interceptor/TransactionAttribute]
22:44:56.120 [main] INFO org.springframework.boot.test.context.SpringBootTestContextBootstrapper - Using TestExecutionListeners: [org.springframework.test.context.web.ServletTestExecutionListener@2b91004a, org.springframework.test.context.support.DirtiesContextBeforeModesTestExecutionListener@20ccf40b, org.springframework.boot.test.mock.mockito.MockitoTestExecutionListener@2fb3536e, org.springframework.boot.test.autoconfigure.SpringBootDependencyInjectionTestExecutionListener@169e6180, org.springframework.test.context.support.DirtiesContextTestExecutionListener@35aea049, org.springframework.test.context.event.EventPublishingTestExecutionListener@7205765b, org.springframework.boot.test.mock.mockito.ResetMocksTestExecutionListener@47987356, org.springframework.boot.test.autoconfigure.restdocs.RestDocsTestExecutionListener@22ef9844, org.springframework.boot.test.autoconfigure.web.client.MockRestServiceServerResetTestExecutionListener@6283d8b8, org.springframework.boot.test.autoconfigure.web.servlet.MockMvcPrintOnlyOnFailureTestExecutionListener@3b6ddd1d, org.springframework.boot.test.autoconfigure.web.servlet.WebDriverTestExecutionListener@3f6b0be5]
22:44:56.125 [main] DEBUG org.springframework.test.context.support.AbstractDirtiesContextTestExecutionListener - Before test class: context [DefaultTestContext@543588e6 testClass = DemoApplicationTests, testInstance = [null], testMethod = [null], testException = [null], mergedContextConfiguration = [WebMergedContextConfiguration@f5acb9d testClass = DemoApplicationTests, locations = '{}', classes = '{class com.example.bddspring1585693856.DemoApplication}', contextInitializerClasses = '[]', activeProfiles = '{}', propertySourceLocations = '{}', propertySourceProperties = '{org.springframework.boot.test.context.SpringBootTestContextBootstrapper=true}', contextCustomizers = set[org.springframework.boot.test.context.filter.ExcludeFilterContextCustomizer@7c469c48, org.springframework.boot.test.json.DuplicateJsonObjectContextCustomizerFactory$DuplicateJsonObjectContextCustomizer@1677d1, org.springframework.boot.test.mock.mockito.MockitoContextCustomizer@0, org.springframework.boot.test.web.client.TestRestTemplateContextCustomizer@433d61fb, org.springframework.boot.test.autoconfigure.properties.PropertyMappingContextCustomizer@0, org.springframework.boot.test.autoconfigure.web.servlet.WebDriverContextCustomizerFactory$Customizer@22a637e7], resourceBasePath = 'src/main/webapp', contextLoader = 'org.springframework.boot.test.context.SpringBootContextLoader', parent = [null]], attributes = map['org.springframework.test.context.web.ServletTestExecutionListener.activateListener' -> true]], class annotated with @DirtiesContext [false] with mode [null].
22:44:56.222 [main] DEBUG org.springframework.test.context.support.TestPropertySourceUtils - Adding inlined properties to environment: {spring.jmx.enabled=false, org.springframework.boot.test.context.SpringBootTestContextBootstrapper=true, server.port=-1}

  .   ____          _            __ _ _
 /\\ / ___'_ __ _ _(_)_ __  __ _ \ \ \ \
( ( )\___ | '_ | '_| | '_ \/ _` | \ \ \ \
 \\/  ___)| |_)| | | | | || (_| |  ) ) ) )
  '  |____| .__|_| |_|_| |_\__, | / / / /
 =========|_|==============|___/=/_/_/_/
 :: Spring Boot ::        (v2.2.6.RELEASE)

2020-03-31 22:44:57.084  INFO 65 --- [           main] c.e.b.DemoApplicationTests               : Starting DemoApplicationTests on cb-kubecd-bdd-spring-1585693856-nj2vw-1-from-build-pack-chblh-p with PID 65 (started by root in /workspace/source)
2020-03-31 22:44:57.097  INFO 65 --- [           main] c.e.b.DemoApplicationTests               : No active profile set, falling back to default profiles: default
2020-03-31 22:45:04.137  INFO 65 --- [           main] o.s.s.concurrent.ThreadPoolTaskExecutor  : Initializing ExecutorService 'applicationTaskExecutor'
2020-03-31 22:45:06.026  INFO 65 --- [           main] o.s.b.a.e.web.EndpointLinksResolver      : Exposing 2 endpoint(s) beneath base path '/actuator'
2020-03-31 22:45:06.441  INFO 65 --- [           main] c.e.b.DemoApplicationTests               : Started DemoApplicationTests in 10.152 seconds (JVM running for 13.024)
[INFO] Tests run: 1, Failures: 0, Errors: 0, Skipped: 0, Time elapsed: 12.034 s - in com.example.bddspring1585693856.DemoApplicationTests
2020-03-31 22:45:07.289  INFO 65 --- [extShutdownHook] o.s.s.concurrent.ThreadPoolTaskExecutor  : Shutting down ExecutorService 'applicationTaskExecutor'
[INFO] 
[INFO] Results:
[INFO] 
[INFO] Tests run: 1, Failures: 0, Errors: 0, Skipped: 0
[INFO] 
[INFO] 
[INFO] --- maven-jar-plugin:3.1.2:jar (default-jar) @ bdd-spring-1585693856 ---
[INFO] Building jar: /workspace/source/target/bdd-spring-1585693856-0.0.0-SNAPSHOT-PR-1-1.jar
[INFO] 
[INFO] --- spring-boot-maven-plugin:2.2.6.RELEASE:repackage (repackage) @ bdd-spring-1585693856 ---
[INFO] Replacing main artifact with repackaged archive
[INFO] 
[INFO] --- maven-install-plugin:2.5.2:install (default-install) @ bdd-spring-1585693856 ---
[INFO] Installing /workspace/source/target/bdd-spring-1585693856-0.0.0-SNAPSHOT-PR-1-1.jar to /home/jenkins/.mvnrepository/com/example/bdd-spring-1585693856/0.0.0-SNAPSHOT-PR-1-1/bdd-spring-1585693856-0.0.0-SNAPSHOT-PR-1-1.jar
[INFO] Installing /workspace/source/pom.xml to /home/jenkins/.mvnrepository/com/example/bdd-spring-1585693856/0.0.0-SNAPSHOT-PR-1-1/bdd-spring-1585693856-0.0.0-SNAPSHOT-PR-1-1.pom
[INFO] ------------------------------------------------------------------------
[INFO] BUILD SUCCESS
[INFO] ------------------------------------------------------------------------
[INFO] Total time:  36.527 s
[INFO] Finished at: 2020-03-31T22:45:13Z
[INFO] ------------------------------------------------------------------------

Showing logs for build [32mcb-kubecd-bdd-spring-1585693856-nj2vw-1[0m stage [32mfrom-build-pack[0m and container [32mstep-build-skaffold-version[0m
v1.0.1

Showing logs for build [32mcb-kubecd-bdd-spring-1585693856-nj2vw-1[0m stage [32mfrom-build-pack[0m and container [32mstep-build-container-build[0m
[36mINFO[0m[0000] Downloading base image openjdk:8-jdk-slim    
ERROR: logging before flag.Parse: E0331 22:45:15.439189      10 metadata.go:159] while reading 'google-dockercfg-url' metadata: http status code: 404 while fetching url http://metadata.google.internal./computeMetadata/v1/instance/attributes/google-dockercfg-url
ERROR: logging before flag.Parse: E0331 22:45:15.462860      10 metadata.go:142] while reading 'google-dockercfg' metadata: http status code: 404 while fetching url http://metadata.google.internal./computeMetadata/v1/instance/attributes/google-dockercfg
2020/03/31 22:45:15 No matching credentials were found, falling back on anonymous
[36mINFO[0m[0001] Error while retrieving image from cache: getting file info: stat /workspace/sha256:5c3a70480c01b6e20ab8c57dbd308c5cce6ee66d73500261ea15aa4cc0902e49: no such file or directory 
[36mINFO[0m[0001] Downloading base image openjdk:8-jdk-slim    
2020/03/31 22:45:16 No matching credentials were found, falling back on anonymous
[36mINFO[0m[0002] cmd: EXPOSE                                  
[36mINFO[0m[0002] Adding exposed port: 8080/tcp                
[36mINFO[0m[0002] Using files from context: [/workspace/source/pom.xml] 
[36mINFO[0m[0002] Using files from context: [/workspace/source/target/bdd-spring-1585693856-0.0.0-SNAPSHOT-PR-1-1.jar] 
[36mINFO[0m[0002] Skipping unpacking as no commands require it. 
[36mINFO[0m[0002] Taking snapshot of full filesystem...        
[36mINFO[0m[0002] ENV PORT 8080                                
[36mINFO[0m[0002] No files changed in this command, skipping snapshotting. 
[36mINFO[0m[0002] ENV CLASSPATH /opt/lib                       
[36mINFO[0m[0002] No files changed in this command, skipping snapshotting. 
[36mINFO[0m[0002] EXPOSE 8080                                  
[36mINFO[0m[0002] cmd: EXPOSE                                  
[36mINFO[0m[0002] Adding exposed port: 8080/tcp                
[36mINFO[0m[0002] No files changed in this command, skipping snapshotting. 
[36mINFO[0m[0002] Using files from context: [/workspace/source/pom.xml] 
[36mINFO[0m[0002] COPY pom.xml target/lib* /opt/lib/           
[36mINFO[0m[0002] Taking snapshot of files...                  
[36mINFO[0m[0002] Using files from context: [/workspace/source/target/bdd-spring-1585693856-0.0.0-SNAPSHOT-PR-1-1.jar] 
[36mINFO[0m[0002] COPY target/*.jar /opt/app.jar               
[36mINFO[0m[0002] Taking snapshot of files...                  
[36mINFO[0m[0002] WORKDIR /opt                                 
[36mINFO[0m[0002] cmd: workdir                                 
[36mINFO[0m[0002] Changed working directory to /opt            
[36mINFO[0m[0002] No files changed in this command, skipping snapshotting. 
[36mINFO[0m[0002] CMD ["java", "-XX:+UnlockExperimentalVMOptions", "-XX:+UseCGroupMemoryLimitForHeap", "-jar", "app.jar"] 
[36mINFO[0m[0002] No files changed in this command, skipping snapshotting. 
2020/03/31 22:45:18 existing blob: sha256:9b326331fbe038c9d1967250a7cb3671977a484d037853dd292bb9f654f28ee6
2020/03/31 22:45:18 existing blob: sha256:bf5e36ba391601ebce2c22f34982f56ce9236ca9cfdef13b2bc60457881d84e8
2020/03/31 22:45:18 existing blob: sha256:b3d82fb9640b4c941a26ff89bc30bd267489171d25397878e454ca34d3ea8726
2020/03/31 22:45:18 existing blob: sha256:c499e6d256d6d4a546f1c141e04b5b4951983ba7581e39deaf5cc595289ee70f
2020/03/31 22:45:21 pushed blob: sha256:428af6f8ed761daa5e41d48fb6b08c448883bcbaebce554fdee6ca2759b6556a
2020/03/31 22:45:21 pushed blob: sha256:683f2aa39bf68294a14869d910e9b8b39fe6fc873890e177b013092e4ddf8b30
2020/03/31 22:45:23 pushed blob: sha256:715c28c998b94353eb1be5f8409516f8b8c1da4f03b84266e2b21f9308f454bf
2020/03/31 22:45:24 gcr.io/jenkins-x-bdd3/bdd-spring-1585693856:0.0.0-SNAPSHOT-PR-1-1: digest: sha256:9806bd9907328585b2c531047b612f1d0e1509be06abd6a5e3a2bc6ed5d861e6 size: 1244

Showing logs for build [32mcb-kubecd-bdd-spring-1585693856-nj2vw-1[0m stage [32mfrom-build-pack[0m and container [32mstep-postbuild-post-build[0m
no CVE provider running in the current ** namespace so skip adding image to be analysed

Showing logs for build [32mcb-kubecd-bdd-spring-1585693856-nj2vw-1[0m stage [32mfrom-build-pack[0m and container [32mstep-promote-make-preview[0m
sed -i -e "s/version:.*/version: 0.0.0-SNAPSHOT-PR-1-1/" Chart.yaml
sed -i -e "s/version:.*/version: 0.0.0-SNAPSHOT-PR-1-1/" ../*/Chart.yaml
sed -i -e "s|repository:.*|repository: gcr.io\/jenkins-x-bdd3\/bdd-spring-1585693856|" values.yaml
sed -i -e "s/tag:.*/tag: 0.0.0-SNAPSHOT-PR-1-1/" values.yaml
echo "  version: 0.0.0-SNAPSHOT-PR-1-1" >> requirements.yaml
** step helm build
WARNING: No $CHART_REPOSITORY defined so using the default value of: http://jenkins-x-chartmuseum:8080
Adding missing Helm repo: storage.googleapis.com https://storage.googleapis.com/chartmuseum.jenkins-x.io
WARNING: No secrets found on "helm/repos" due: reading the secret "helm/repos" from vault: no secret "helm/repos" not found in vault
Read credentials for https://storage.googleapis.com/chartmuseum.jenkins-x.io from vault helm/repos
Successfully added Helm repository storage.googleapis.com.
Adding missing Helm repo: jenkins-x-chartmuseum http://jenkins-x-chartmuseum:8080
WARNING: No secrets found on "helm/repos" due: reading the secret "helm/repos" from vault: no secret "helm/repos" not found in vault
Read credentials for http://jenkins-x-chartmuseum:8080 from vault helm/repos
Successfully added Helm repository jenkins-x-chartmuseum.
WARNING: No $CHART_REPOSITORY defined so using the default value of: http://jenkins-x-chartmuseum:8080
Adding missing Helm repo: chartmuseum.jenkins-x.io http://chartmuseum.jenkins-x.io
WARNING: No secrets found on "helm/repos" due: reading the secret "helm/repos" from vault: no secret "helm/repos" not found in vault
Read credentials for http://chartmuseum.jenkins-x.io from vault helm/repos
Successfully added Helm repository chartmuseum.jenkins-x.io.

Showing logs for build [32mcb-kubecd-bdd-spring-1585693856-nj2vw-1[0m stage [32mfrom-build-pack[0m and container [32mstep-promote-jx-preview[0m
Creating a preview
Created environment cb-kubecd-bdd-spring-1585693856-pr-1
Namespace **-cb-kubecd-bdd-spring-1585693856-pr-1 created 
expose:
  Annotations:
    helm.sh/hook: post-install,post-upgrade
    helm.sh/hook-delete-policy: hook-succeeded
  config:
    domain: c**d4.bdd.jenkins-x.rocks
    exposer: Ingress
    http: "true"
preview:
  image:
    repository: gcr.io/jenkins-x-bdd3/bdd-spring-1585693856
    tag: 0.0.0-SNAPSHOT-PR-1-1

Updating PipelineActivities cb-kubecd-bdd-spring-1585693856-pr-1-1 which has status Running
WARNING: preview application http://bdd-spring-1585693856.**-cb-kubecd-bdd-spring-1585693856-pr-1.c**d4.bdd.jenkins-x.rocks not available, error was Get http://bdd-spring-1585693856.**-cb-kubecd-bdd-spring-1585693856-pr-1.c**d4.bdd.jenkins-x.rocks: dial tcp: lookup bdd-spring-1585693856.**-cb-kubecd-bdd-spring-1585693856-pr-1.c**d4.bdd.jenkins-x.rocks on 10.19.240.10:53: no such host, delaying for: 1.283034974s
WARNING: preview application http://bdd-spring-1585693856.**-cb-kubecd-bdd-spring-1585693856-pr-1.c**d4.bdd.jenkins-x.rocks not available, error was Get http://bdd-spring-1585693856.**-cb-kubecd-bdd-spring-1585693856-pr-1.c**d4.bdd.jenkins-x.rocks: dial tcp: lookup bdd-spring-1585693856.**-cb-kubecd-bdd-spring-1585693856-pr-1.c**d4.bdd.jenkins-x.rocks on 10.19.240.10:53: no such host, delaying for: 956.706092ms
WARNING: preview application http://bdd-spring-1585693856.**-cb-kubecd-bdd-spring-1585693856-pr-1.c**d4.bdd.jenkins-x.rocks not available, error was Get http://bdd-spring-1585693856.**-cb-kubecd-bdd-spring-1585693856-pr-1.c**d4.bdd.jenkins-x.rocks: dial tcp: lookup bdd-spring-1585693856.**-cb-kubecd-bdd-spring-1585693856-pr-1.c**d4.bdd.jenkins-x.rocks on 10.19.240.10:53: no such host, delaying for: 1.345569468s
WARNING: preview application http://bdd-spring-1585693856.**-cb-kubecd-bdd-spring-1585693856-pr-1.c**d4.bdd.jenkins-x.rocks not available, error was Get http://bdd-spring-1585693856.**-cb-kubecd-bdd-spring-1585693856-pr-1.c**d4.bdd.jenkins-x.rocks: dial tcp: lookup bdd-spring-1585693856.**-cb-kubecd-bdd-spring-1585693856-pr-1.c**d4.bdd.jenkins-x.rocks on 10.19.240.10:53: no such host, delaying for: 4.050971572s
WARNING: preview application http://bdd-spring-1585693856.**-cb-kubecd-bdd-spring-1585693856-pr-1.c**d4.bdd.jenkins-x.rocks not available, error was Get http://bdd-spring-1585693856.**-cb-kubecd-bdd-spring-1585693856-pr-1.c**d4.bdd.jenkins-x.rocks: dial tcp: lookup bdd-spring-1585693856.**-cb-kubecd-bdd-spring-1585693856-pr-1.c**d4.bdd.jenkins-x.rocks on 10.19.240.10:53: no such host, delaying for: 2.640264778s
WARNING: preview application http://bdd-spring-1585693856.**-cb-kubecd-bdd-spring-1585693856-pr-1.c**d4.bdd.jenkins-x.rocks not available, error was Get http://bdd-spring-1585693856.**-cb-kubecd-bdd-spring-1585693856-pr-1.c**d4.bdd.jenkins-x.rocks: dial tcp: lookup bdd-spring-1585693856.**-cb-kubecd-bdd-spring-1585693856-pr-1.c**d4.bdd.jenkins-x.rocks on 10.19.240.10:53: no such host, delaying for: 7.589083593s
WARNING: preview application http://bdd-spring-1585693856.**-cb-kubecd-bdd-spring-1585693856-pr-1.c**d4.bdd.jenkins-x.rocks not available, error was Get http://bdd-spring-1585693856.**-cb-kubecd-bdd-spring-1585693856-pr-1.c**d4.bdd.jenkins-x.rocks: dial tcp: lookup bdd-spring-1585693856.**-cb-kubecd-bdd-spring-1585693856-pr-1.c**d4.bdd.jenkins-x.rocks on 10.19.240.10:53: no such host, delaying for: 6.520544564s
WARNING: preview application http://bdd-spring-1585693856.**-cb-kubecd-bdd-spring-1585693856-pr-1.c**d4.bdd.jenkins-x.rocks not available, error was Get http://bdd-spring-1585693856.**-cb-kubecd-bdd-spring-1585693856-pr-1.c**d4.bdd.jenkins-x.rocks: dial tcp: lookup bdd-spring-1585693856.**-cb-kubecd-bdd-spring-1585693856-pr-1.c**d4.bdd.jenkins-x.rocks on 10.19.240.10:53: no such host, delaying for: 10.199180659s
WARNING: preview application http://bdd-spring-1585693856.**-cb-kubecd-bdd-spring-1585693856-pr-1.c**d4.bdd.jenkins-x.rocks not available, error was Get http://bdd-spring-1585693856.**-cb-kubecd-bdd-spring-1585693856-pr-1.c**d4.bdd.jenkins-x.rocks: dial tcp: lookup bdd-spring-1585693856.**-cb-kubecd-bdd-spring-1585693856-pr-1.c**d4.bdd.jenkins-x.rocks on 10.19.240.10:53: no such host, delaying for: 37.600023335s
WARNING: preview application http://bdd-spring-1585693856.**-cb-kubecd-bdd-spring-1585693856-pr-1.c**d4.bdd.jenkins-x.rocks not available, error was Get http://bdd-spring-1585693856.**-cb-kubecd-bdd-spring-1585693856-pr-1.c**d4.bdd.jenkins-x.rocks: dial tcp: lookup bdd-spring-1585693856.**-cb-kubecd-bdd-spring-1585693856-pr-1.c**d4.bdd.jenkins-x.rocks on 10.19.240.10:53: no such host, delaying for: 35.856053632s
WARNING: preview application http://bdd-spring-1585693856.**-cb-kubecd-bdd-spring-1585693856-pr-1.c**d4.bdd.jenkins-x.rocks not available, error was Get http://bdd-spring-1585693856.**-cb-kubecd-bdd-spring-1585693856-pr-1.c**d4.bdd.jenkins-x.rocks: dial tcp: lookup bdd-spring-1585693856.**-cb-kubecd-bdd-spring-1585693856-pr-1.c**d4.bdd.jenkins-x.rocks on 10.19.240.10:53: no such host, delaying for: 29.275456602s
WARNING: preview application http://bdd-spring-1585693856.**-cb-kubecd-bdd-spring-1585693856-pr-1.c**d4.bdd.jenkins-x.rocks not available, error was Get http://bdd-spring-1585693856.**-cb-kubecd-bdd-spring-1585693856-pr-1.c**d4.bdd.jenkins-x.rocks: dial tcp: lookup bdd-spring-1585693856.**-cb-kubecd-bdd-spring-1585693856-pr-1.c**d4.bdd.jenkins-x.rocks on 10.19.240.10:53: no such host, delaying for: 1m4.701075416s
Preview application is now available at: http://bdd-spring-1585693856.**-cb-kubecd-bdd-spring-1585693856-pr-1.c**d4.bdd.jenkins-x.rocks
